<?xml version="1.0" encoding="UTF-8"?>
<!-- Generated by org.testng.reporters.JUnitXMLReporter -->
<testsuite ignored="0" hostname="DESKTOP-KV0K3U5" failures="1" tests="4" name="Test" time="56.496" errors="0" timestamp="07 Apr 2020 13:41:28 GMT">
  <testcase classname="testcases.HomePageTests" name="validateHomePageIconTest" time="0.375"/>
  <testcase classname="testcases.HomePageTests" name="validateNewBtnLinkTest" time="1.394"/>
  <testcase classname="testcases.HomePageTests" name="validatePageTitleTest" time="0.051">
    <failure type="java.lang.AssertionError" message="expected [[Sell Your Car!] but found [Sell Your Car!]">
      <![CDATA[java.lang.AssertionError: expected [[Sell Your Car!] but found [Sell Your Car!]
	at testcases.HomePageTests.validatePageTitleTest(HomePageTests.java:38)
... Removed 31 stack frames]]>
    </failure>
  </testcase> <!-- validatePageTitleTest -->
  <testcase classname="testcases.HomePageTests" name="validateSearchBtnLinkTest" time="4.069"/>
</testsuite> <!-- Test -->
