<?xml version="1.0" encoding="UTF-8"?>
<!-- Generated by org.testng.reporters.JUnitXMLReporter -->
<testsuite ignored="0" hostname="DESKTOP-KV0K3U5" failures="1" tests="4" name="ChromeTest" time="52.059" errors="0" timestamp="06 Apr 2020 15:21:11 GMT">
  <testcase classname="testcases.HomePageTests" name="validateHomePageIconTest" time="0.352"/>
  <testcase classname="testcases.HomePageTests" name="validateNewBtnLinkTest" time="1.187"/>
  <testcase classname="testcases.HomePageTests" name="validatePageTitleTest" time="0.088">
    <failure type="java.lang.AssertionError" message="expected [[Sell Your Car!] but found [Sell Your Car!]">
      <![CDATA[java.lang.AssertionError: expected [[Sell Your Car!] but found [Sell Your Car!]
	at testcases.HomePageTests.validatePageTitleTest(HomePageTests.java:38)
... Removed 31 stack frames]]>
    </failure>
  </testcase> <!-- validatePageTitleTest -->
  <testcase classname="testcases.HomePageTests" name="validateSearchBtnLinkTest" time="2.376"/>
</testsuite> <!-- ChromeTest -->
