<?xml version="1.0" encoding="UTF-8"?>
<!-- Generated by org.testng.reporters.JUnitXMLReporter -->
<testsuite ignored="0" hostname="DESKTOP-KV0K3U5" failures="0" tests="4" name="FirefoxTest" time="0.073" errors="0" timestamp="06 Apr 2020 15:21:11 GMT">
  <testcase classname="testcases.HomePageTests" name="@BeforeMethod setup" time="0.0">
    <failure type="org.testng.TestNGException" message="
Parameter &amp;apos;browser&amp;apos; is required by BeforeMethod on method setup but has not been marked @Optional or defined
in F:\java tutorials\Xampp.Carreg\test-output\cross browser.xml">
      <![CDATA[org.testng.TestNGException: 
Parameter 'browser' is required by BeforeMethod on method setup but has not been marked @Optional or defined
in F:\java tutorials\Xampp.Carreg\test-output\cross browser.xml
... Removed 24 stack frames]]>
    </failure>
  </testcase> <!-- @BeforeMethod setup -->
  <testcase classname="testcases.HomePageTests" name="@BeforeMethod setup" time="0.0">
    <skipped/>
  </testcase> <!-- @BeforeMethod setup -->
  <testcase classname="testcases.HomePageTests" name="@BeforeMethod setup" time="0.0">
    <skipped/>
  </testcase> <!-- @BeforeMethod setup -->
  <testcase classname="testcases.HomePageTests" name="@BeforeMethod setup" time="0.0">
    <skipped/>
  </testcase> <!-- @BeforeMethod setup -->
  <testcase classname="testcases.HomePageTests" name="validateHomePageIconTest" time="0.0">
    <skipped/>
  </testcase> <!-- validateHomePageIconTest -->
  <testcase classname="testcases.HomePageTests" name="validateNewBtnLinkTest" time="0.0">
    <skipped/>
  </testcase> <!-- validateNewBtnLinkTest -->
  <testcase classname="testcases.HomePageTests" name="validatePageTitleTest" time="0.0">
    <skipped/>
  </testcase> <!-- validatePageTitleTest -->
  <testcase classname="testcases.HomePageTests" name="validateSearchBtnLinkTest" time="0.0">
    <skipped/>
  </testcase> <!-- validateSearchBtnLinkTest -->
</testsuite> <!-- FirefoxTest -->
